<?xml version="1.0" encoding="UTF-8"?>
<coverage generated="1722199532051" clover="3.2.0">
  <project timestamp="1722199532052" name="All files">
    <metrics statements="33" coveredstatements="33" conditionals="4" coveredconditionals="4" methods="11" coveredmethods="11" elements="48" coveredelements="48" complexity="0" loc="33" ncloc="33" packages="1" files="2" classes="2"/>
    <file name="commentService.js" path="C:\Users\IEF2I\Desktop\projet web\tp-monotoring\monotoring-tp\server\src\commentService.js">
      <metrics statements="13" coveredstatements="13" conditionals="2" coveredconditionals="2" methods="7" coveredmethods="7"/>
      <line num="3" count="2" type="stmt"/>
      <line num="6" count="5" type="stmt"/>
      <line num="10" count="9" type="stmt"/>
      <line num="11" count="9" type="stmt"/>
      <line num="12" count="9" type="stmt"/>
      <line num="16" count="5" type="stmt"/>
      <line num="17" count="4" type="cond" truecount="2" falsecount="0"/>
      <line num="18" count="2" type="stmt"/>
      <line num="19" count="2" type="stmt"/>
      <line num="21" count="2" type="stmt"/>
      <line num="25" count="4" type="stmt"/>
      <line num="29" count="5" type="stmt"/>
      <line num="32" count="2" type="stmt"/>
    </file>
    <file name="index.js" path="C:\Users\IEF2I\Desktop\projet web\tp-monotoring\monotoring-tp\server\src\index.js">
      <metrics statements="20" coveredstatements="20" conditionals="2" coveredconditionals="2" methods="4" coveredmethods="4"/>
      <line num="3" count="1" type="stmt"/>
      <line num="4" count="1" type="stmt"/>
      <line num="5" count="1" type="stmt"/>
      <line num="7" count="1" type="stmt"/>
      <line num="8" count="1" type="stmt"/>
      <line num="10" count="1" type="stmt"/>
      <line num="12" count="1" type="stmt"/>
      <line num="13" count="1" type="stmt"/>
      <line num="16" count="1" type="stmt"/>
      <line num="17" count="1" type="stmt"/>
      <line num="18" count="1" type="stmt"/>
      <line num="21" count="1" type="stmt"/>
      <line num="22" count="2" type="stmt"/>
      <line num="23" count="2" type="cond" truecount="2" falsecount="0"/>
      <line num="24" count="1" type="stmt"/>
      <line num="26" count="1" type="stmt"/>
      <line num="30" count="1" type="stmt"/>
      <line num="31" count="1" type="stmt"/>
      <line num="32" count="1" type="stmt"/>
      <line num="35" count="1" type="stmt"/>
    </file>
  </project>
</coverage>
