TN:
SF:src\commentService.js
FN:5,getComments
FN:9,addComment
FN:15,editComment
FN:16,(anonymous_3)
FN:24,deleteComment
FN:25,(anonymous_5)
FNF:6
FNH:6
FNDA:5,getComments
FNDA:2,addComment
FNDA:4,editComment
FNDA:6,(anonymous_3)
FNDA:2,deleteComment
FNDA:4,(anonymous_5)
DA:3,2
DA:6,5
DA:10,2
DA:11,2
DA:12,2
DA:16,6
DA:17,4
DA:18,2
DA:19,2
DA:21,2
DA:25,4
DA:28,2
LF:12
LH:12
BRDA:17,0,0,2
BRDA:17,0,1,2
BRF:2
BRH:2
end_of_record
TN:
SF:src\index.js
FN:12,(anonymous_0)
FN:16,(anonymous_1)
FN:21,(anonymous_2)
FN:30,(anonymous_3)
FNF:4
FNH:4
FNDA:1,(anonymous_0)
FNDA:1,(anonymous_1)
FNDA:2,(anonymous_2)
FNDA:1,(anonymous_3)
DA:3,1
DA:4,1
DA:5,1
DA:7,1
DA:8,1
DA:10,1
DA:12,1
DA:13,1
DA:16,1
DA:17,1
DA:18,1
DA:21,1
DA:22,2
DA:23,2
DA:24,1
DA:26,1
DA:30,1
DA:31,1
DA:32,1
DA:35,1
LF:20
LH:20
BRDA:23,0,0,1
BRDA:23,0,1,1
BRF:2
BRH:2
end_of_record
